{"C:\\Users\\EMurage\\Desktop\\2025Payslips\\SafariMapsApps\\ranger\\services\\authService.ts": {"path":"C:\\Users\\EMurage\\Desktop\\2025Payslips\\SafariMapsApps\\ranger\\services\\authService.ts","statementMap":{"0":{"start":{"line":4,"column":26},"end":{"line":29,"column":1}},"1":{"start":{"line":32,"column":46},"end":{"line":35,"column":1}},"2":{"start":{"line":38,"column":22},"end":{"line":38,"column":26}},"3":{"start":{"line":39,"column":18},"end":{"line":39,"column":22}},"4":{"start":{"line":42,"column":14},"end":{"line":42,"column":77}},"5":{"start":{"line":42,"column":30},"end":{"line":42,"column":77}},"6":{"start":{"line":42,"column":53},"end":{"line":42,"column":76}},"7":{"start":{"line":45,"column":26},"end":{"line":47,"column":1}},"8":{"start":{"line":46,"column":2},"end":{"line":46,"column":50}},"9":{"start":{"line":52,"column":37},"end":{"line":52,"column":41}},"10":{"start":{"line":53,"column":37},"end":{"line":53,"column":41}},"11":{"start":{"line":58,"column":4},"end":{"line":60,"column":5}},"12":{"start":{"line":59,"column":6},"end":{"line":59,"column":47}},"13":{"start":{"line":61,"column":4},"end":{"line":61,"column":32}},"14":{"start":{"line":68,"column":4},"end":{"line":68,"column":28}},"15":{"start":{"line":69,"column":4},"end":{"line":69,"column":26}},"16":{"start":{"line":70,"column":4},"end":{"line":91,"column":6}},"17":{"start":{"line":92,"column":4},"end":{"line":95,"column":6}},"18":{"start":{"line":100,"column":4},"end":{"line":143,"column":5}},"19":{"start":{"line":101,"column":6},"end":{"line":101,"column":29}},"20":{"start":{"line":104,"column":19},"end":{"line":104,"column":69}},"21":{"start":{"line":104,"column":39},"end":{"line":104,"column":68}},"22":{"start":{"line":106,"column":6},"end":{"line":111,"column":7}},"23":{"start":{"line":107,"column":8},"end":{"line":110,"column":10}},"24":{"start":{"line":114,"column":29},"end":{"line":114,"column":61}},"25":{"start":{"line":115,"column":6},"end":{"line":120,"column":7}},"26":{"start":{"line":116,"column":8},"end":{"line":119,"column":10}},"27":{"start":{"line":123,"column":6},"end":{"line":128,"column":7}},"28":{"start":{"line":124,"column":8},"end":{"line":127,"column":10}},"29":{"start":{"line":131,"column":20},"end":{"line":131,"column":46}},"30":{"start":{"line":134,"column":6},"end":{"line":134,"column":30}},"31":{"start":{"line":135,"column":6},"end":{"line":135,"column":29}},"32":{"start":{"line":137,"column":6},"end":{"line":142,"column":8}},"33":{"start":{"line":146,"column":4},"end":{"line":146,"column":67}},"34":{"start":{"line":151,"column":4},"end":{"line":219,"column":5}},"35":{"start":{"line":152,"column":6},"end":{"line":152,"column":29}},"36":{"start":{"line":155,"column":27},"end":{"line":155,"column":77}},"37":{"start":{"line":155,"column":47},"end":{"line":155,"column":76}},"38":{"start":{"line":156,"column":6},"end":{"line":161,"column":7}},"39":{"start":{"line":157,"column":8},"end":{"line":160,"column":10}},"40":{"start":{"line":164,"column":29},"end":{"line":164,"column":85}},"41":{"start":{"line":164,"column":49},"end":{"line":164,"column":84}},"42":{"start":{"line":165,"column":6},"end":{"line":170,"column":7}},"43":{"start":{"line":166,"column":8},"end":{"line":169,"column":10}},"44":{"start":{"line":173,"column":6},"end":{"line":178,"column":7}},"45":{"start":{"line":174,"column":8},"end":{"line":177,"column":10}},"46":{"start":{"line":181,"column":6},"end":{"line":186,"column":7}},"47":{"start":{"line":182,"column":8},"end":{"line":185,"column":10}},"48":{"start":{"line":189,"column":28},"end":{"line":200,"column":7}},"49":{"start":{"line":197,"column":53},"end":{"line":197,"column":57}},"50":{"start":{"line":203,"column":6},"end":{"line":203,"column":30}},"51":{"start":{"line":204,"column":6},"end":{"line":204,"column":62}},"52":{"start":{"line":207,"column":20},"end":{"line":207,"column":49}},"53":{"start":{"line":210,"column":6},"end":{"line":210,"column":33}},"54":{"start":{"line":211,"column":6},"end":{"line":211,"column":29}},"55":{"start":{"line":213,"column":6},"end":{"line":218,"column":8}},"56":{"start":{"line":222,"column":4},"end":{"line":222,"column":67}},"57":{"start":{"line":227,"column":4},"end":{"line":237,"column":5}},"58":{"start":{"line":228,"column":6},"end":{"line":228,"column":29}},"59":{"start":{"line":230,"column":6},"end":{"line":230,"column":30}},"60":{"start":{"line":231,"column":6},"end":{"line":231,"column":28}},"61":{"start":{"line":233,"column":6},"end":{"line":236,"column":8}},"62":{"start":{"line":240,"column":4},"end":{"line":240,"column":67}},"63":{"start":{"line":245,"column":4},"end":{"line":245,"column":28}},"64":{"start":{"line":250,"column":4},"end":{"line":250,"column":26}},"65":{"start":{"line":255,"column":4},"end":{"line":255,"column":64}},"66":{"start":{"line":260,"column":23},"end":{"line":260,"column":51}},"67":{"start":{"line":261,"column":4},"end":{"line":261,"column":34}},"68":{"start":{"line":266,"column":4},"end":{"line":268,"column":5}},"69":{"start":{"line":267,"column":6},"end":{"line":267,"column":88}},"70":{"start":{"line":269,"column":4},"end":{"line":271,"column":5}},"71":{"start":{"line":270,"column":6},"end":{"line":270,"column":85}},"72":{"start":{"line":272,"column":4},"end":{"line":272,"column":29}},"73":{"start":{"line":277,"column":26},"end":{"line":277,"column":44}},"74":{"start":{"line":278,"column":4},"end":{"line":278,"column":40}},"75":{"start":{"line":287,"column":4},"end":{"line":311,"column":5}},"76":{"start":{"line":288,"column":18},"end":{"line":288,"column":96}},"77":{"start":{"line":289,"column":35},"end":{"line":295,"column":7}},"78":{"start":{"line":297,"column":6},"end":{"line":299,"column":7}},"79":{"start":{"line":298,"column":8},"end":{"line":298,"column":44}},"80":{"start":{"line":301,"column":23},"end":{"line":301,"column":48}},"81":{"start":{"line":302,"column":21},"end":{"line":302,"column":42}},"82":{"start":{"line":304,"column":6},"end":{"line":306,"column":7}},"83":{"start":{"line":305,"column":8},"end":{"line":305,"column":61}},"84":{"start":{"line":308,"column":6},"end":{"line":308,"column":20}},"85":{"start":{"line":310,"column":6},"end":{"line":310,"column":80}},"86":{"start":{"line":316,"column":27},"end":{"line":316,"column":52}}},"fnMap":{"0":{"name":"(anonymous_0)","decl":{"start":{"line":42,"column":14},"end":{"line":42,"column":15}},"loc":{"start":{"line":42,"column":30},"end":{"line":42,"column":77}},"line":42},"1":{"name":"(anonymous_1)","decl":{"start":{"line":42,"column":42},"end":{"line":42,"column":43}},"loc":{"start":{"line":42,"column":53},"end":{"line":42,"column":76}},"line":42},"2":{"name":"(anonymous_2)","decl":{"start":{"line":45,"column":26},"end":{"line":45,"column":27}},"loc":{"start":{"line":45,"column":54},"end":{"line":47,"column":1}},"line":45},"3":{"name":"(anonymous_3)","decl":{"start":{"line":55,"column":2},"end":{"line":55,"column":3}},"loc":{"start":{"line":55,"column":24},"end":{"line":55,"column":26}},"line":55},"4":{"name":"(anonymous_4)","decl":{"start":{"line":57,"column":2},"end":{"line":57,"column":3}},"loc":{"start":{"line":57,"column":43},"end":{"line":62,"column":3}},"line":57},"5":{"name":"(anonymous_5)","decl":{"start":{"line":67,"column":2},"end":{"line":67,"column":3}},"loc":{"start":{"line":67,"column":16},"end":{"line":96,"column":3}},"line":67},"6":{"name":"(anonymous_6)","decl":{"start":{"line":99,"column":2},"end":{"line":99,"column":3}},"loc":{"start":{"line":99,"column":68},"end":{"line":147,"column":3}},"line":99},"7":{"name":"(anonymous_7)","decl":{"start":{"line":104,"column":34},"end":{"line":104,"column":35}},"loc":{"start":{"line":104,"column":39},"end":{"line":104,"column":68}},"line":104},"8":{"name":"(anonymous_8)","decl":{"start":{"line":150,"column":2},"end":{"line":150,"column":3}},"loc":{"start":{"line":150,"column":70},"end":{"line":223,"column":3}},"line":150},"9":{"name":"(anonymous_9)","decl":{"start":{"line":155,"column":42},"end":{"line":155,"column":43}},"loc":{"start":{"line":155,"column":47},"end":{"line":155,"column":76}},"line":155},"10":{"name":"(anonymous_10)","decl":{"start":{"line":164,"column":44},"end":{"line":164,"column":45}},"loc":{"start":{"line":164,"column":49},"end":{"line":164,"column":84}},"line":164},"11":{"name":"(anonymous_11)","decl":{"start":{"line":197,"column":48},"end":{"line":197,"column":49}},"loc":{"start":{"line":197,"column":53},"end":{"line":197,"column":57}},"line":197},"12":{"name":"(anonymous_12)","decl":{"start":{"line":226,"column":2},"end":{"line":226,"column":3}},"loc":{"start":{"line":226,"column":40},"end":{"line":241,"column":3}},"line":226},"13":{"name":"(anonymous_13)","decl":{"start":{"line":244,"column":2},"end":{"line":244,"column":3}},"loc":{"start":{"line":244,"column":47},"end":{"line":246,"column":3}},"line":244},"14":{"name":"(anonymous_14)","decl":{"start":{"line":249,"column":2},"end":{"line":249,"column":3}},"loc":{"start":{"line":249,"column":32},"end":{"line":251,"column":3}},"line":249},"15":{"name":"(anonymous_15)","decl":{"start":{"line":254,"column":2},"end":{"line":254,"column":3}},"loc":{"start":{"line":254,"column":44},"end":{"line":256,"column":3}},"line":254},"16":{"name":"(anonymous_16)","decl":{"start":{"line":259,"column":2},"end":{"line":259,"column":3}},"loc":{"start":{"line":259,"column":40},"end":{"line":262,"column":3}},"line":259},"17":{"name":"(anonymous_17)","decl":{"start":{"line":265,"column":2},"end":{"line":265,"column":3}},"loc":{"start":{"line":265,"column":77},"end":{"line":273,"column":3}},"line":265},"18":{"name":"(anonymous_18)","decl":{"start":{"line":276,"column":2},"end":{"line":276,"column":3}},"loc":{"start":{"line":276,"column":46},"end":{"line":279,"column":3}},"line":276},"19":{"name":"(anonymous_19)","decl":{"start":{"line":282,"column":2},"end":{"line":282,"column":3}},"loc":{"start":{"line":286,"column":16},"end":{"line":312,"column":3}},"line":286}},"branchMap":{"0":{"loc":{"start":{"line":58,"column":4},"end":{"line":60,"column":5}},"type":"if","locations":[{"start":{"line":58,"column":4},"end":{"line":60,"column":5}},{"start":{},"end":{}}],"line":58},"1":{"loc":{"start":{"line":100,"column":4},"end":{"line":143,"column":5}},"type":"if","locations":[{"start":{"line":100,"column":4},"end":{"line":143,"column":5}},{"start":{},"end":{}}],"line":100},"2":{"loc":{"start":{"line":106,"column":6},"end":{"line":111,"column":7}},"type":"if","locations":[{"start":{"line":106,"column":6},"end":{"line":111,"column":7}},{"start":{},"end":{}}],"line":106},"3":{"loc":{"start":{"line":115,"column":6},"end":{"line":120,"column":7}},"type":"if","locations":[{"start":{"line":115,"column":6},"end":{"line":120,"column":7}},{"start":{},"end":{}}],"line":115},"4":{"loc":{"start":{"line":115,"column":10},"end":{"line":115,"column":68}},"type":"binary-expr","locations":[{"start":{"line":115,"column":10},"end":{"line":115,"column":25}},{"start":{"line":115,"column":29},"end":{"line":115,"column":68}}],"line":115},"5":{"loc":{"start":{"line":123,"column":6},"end":{"line":128,"column":7}},"type":"if","locations":[{"start":{"line":123,"column":6},"end":{"line":128,"column":7}},{"start":{},"end":{}}],"line":123},"6":{"loc":{"start":{"line":151,"column":4},"end":{"line":219,"column":5}},"type":"if","locations":[{"start":{"line":151,"column":4},"end":{"line":219,"column":5}},{"start":{},"end":{}}],"line":151},"7":{"loc":{"start":{"line":156,"column":6},"end":{"line":161,"column":7}},"type":"if","locations":[{"start":{"line":156,"column":6},"end":{"line":161,"column":7}},{"start":{},"end":{}}],"line":156},"8":{"loc":{"start":{"line":165,"column":6},"end":{"line":170,"column":7}},"type":"if","locations":[{"start":{"line":165,"column":6},"end":{"line":170,"column":7}},{"start":{},"end":{}}],"line":165},"9":{"loc":{"start":{"line":173,"column":6},"end":{"line":178,"column":7}},"type":"if","locations":[{"start":{"line":173,"column":6},"end":{"line":178,"column":7}},{"start":{},"end":{}}],"line":173},"10":{"loc":{"start":{"line":181,"column":6},"end":{"line":186,"column":7}},"type":"if","locations":[{"start":{"line":181,"column":6},"end":{"line":186,"column":7}},{"start":{},"end":{}}],"line":181},"11":{"loc":{"start":{"line":227,"column":4},"end":{"line":237,"column":5}},"type":"if","locations":[{"start":{"line":227,"column":4},"end":{"line":237,"column":5}},{"start":{},"end":{}}],"line":227},"12":{"loc":{"start":{"line":255,"column":11},"end":{"line":255,"column":63}},"type":"binary-expr","locations":[{"start":{"line":255,"column":11},"end":{"line":255,"column":36}},{"start":{"line":255,"column":40},"end":{"line":255,"column":63}}],"line":255},"13":{"loc":{"start":{"line":266,"column":4},"end":{"line":268,"column":5}},"type":"if","locations":[{"start":{"line":266,"column":4},"end":{"line":268,"column":5}},{"start":{},"end":{}}],"line":266},"14":{"loc":{"start":{"line":269,"column":4},"end":{"line":271,"column":5}},"type":"if","locations":[{"start":{"line":269,"column":4},"end":{"line":271,"column":5}},{"start":{},"end":{}}],"line":269},"15":{"loc":{"start":{"line":284,"column":4},"end":{"line":284,"column":53}},"type":"default-arg","locations":[{"start":{"line":284,"column":48},"end":{"line":284,"column":53}}],"line":284},"16":{"loc":{"start":{"line":288,"column":21},"end":{"line":288,"column":83}},"type":"binary-expr","locations":[{"start":{"line":288,"column":21},"end":{"line":288,"column":52}},{"start":{"line":288,"column":56},"end":{"line":288,"column":83}}],"line":288},"17":{"loc":{"start":{"line":293,"column":14},"end":{"line":293,"column":79}},"type":"binary-expr","locations":[{"start":{"line":293,"column":14},"end":{"line":293,"column":28}},{"start":{"line":293,"column":32},"end":{"line":293,"column":79}}],"line":293},"18":{"loc":{"start":{"line":297,"column":6},"end":{"line":299,"column":7}},"type":"if","locations":[{"start":{"line":297,"column":6},"end":{"line":299,"column":7}},{"start":{},"end":{}}],"line":297},"19":{"loc":{"start":{"line":297,"column":10},"end":{"line":297,"column":34}},"type":"binary-expr","locations":[{"start":{"line":297,"column":10},"end":{"line":297,"column":14}},{"start":{"line":297,"column":18},"end":{"line":297,"column":34}}],"line":297},"20":{"loc":{"start":{"line":304,"column":6},"end":{"line":306,"column":7}},"type":"if","locations":[{"start":{"line":304,"column":6},"end":{"line":306,"column":7}},{"start":{},"end":{}}],"line":304},"21":{"loc":{"start":{"line":305,"column":24},"end":{"line":305,"column":59}},"type":"binary-expr","locations":[{"start":{"line":305,"column":24},"end":{"line":305,"column":38}},{"start":{"line":305,"column":42},"end":{"line":305,"column":59}}],"line":305},"22":{"loc":{"start":{"line":310,"column":22},"end":{"line":310,"column":78}},"type":"cond-expr","locations":[{"start":{"line":310,"column":47},"end":{"line":310,"column":60}},{"start":{"line":310,"column":63},"end":{"line":310,"column":78}}],"line":310}},"s":{"0":1,"1":1,"2":1,"3":1,"4":1,"5":16,"6":16,"7":1,"8":7,"9":1,"10":1,"11":28,"12":1,"13":28,"14":25,"15":25,"16":25,"17":25,"18":9,"19":9,"20":9,"21":11,"22":9,"23":2,"24":7,"25":7,"26":1,"27":6,"28":0,"29":6,"30":6,"31":6,"32":6,"33":0,"34":5,"35":5,"36":5,"37":12,"38":5,"39":1,"40":4,"41":9,"42":4,"43":1,"44":3,"45":1,"46":2,"47":1,"48":1,"49":2,"50":1,"51":1,"52":1,"53":1,"54":1,"55":1,"56":0,"57":2,"58":2,"59":2,"60":2,"61":2,"62":0,"63":2,"64":2,"65":4,"66":11,"67":11,"68":8,"69":3,"70":5,"71":1,"72":4,"73":13,"74":13,"75":0,"76":0,"77":0,"78":0,"79":0,"80":0,"81":0,"82":0,"83":0,"84":0,"85":0,"86":1},"f":{"0":16,"1":16,"2":7,"3":1,"4":28,"5":25,"6":9,"7":11,"8":5,"9":12,"10":9,"11":2,"12":2,"13":2,"14":2,"15":4,"16":11,"17":8,"18":13,"19":0},"b":{"0":[1,27],"1":[9,0],"2":[2,7],"3":[1,6],"4":[7,7],"5":[0,6],"6":[5,0],"7":[1,4],"8":[1,3],"9":[1,2],"10":[1,1],"11":[2,0],"12":[4,2],"13":[3,5],"14":[1,4],"15":[0],"16":[0,0],"17":[0,0],"18":[0,0],"19":[0,0],"20":[0,0],"21":[0,0],"22":[0,0]},"_coverageSchema":"1a1c01bbd47fc00a2c39e90264f33305004495a9","hash":"813d80bb5610351f23e266d8229ae4840ec72525"}
,"C:\\Users\\EMurage\\Desktop\\2025Payslips\\SafariMapsApps\\ranger\\services\\authServiceFactory.ts": {"path":"C:\\Users\\EMurage\\Desktop\\2025Payslips\\SafariMapsApps\\ranger\\services\\authServiceFactory.ts","statementMap":{"0":{"start":{"line":21,"column":2},"end":{"line":23,"column":3}},"1":{"start":{"line":22,"column":4},"end":{"line":22,"column":31}},"2":{"start":{"line":24,"column":2},"end":{"line":24,"column":21}},"3":{"start":{"line":28,"column":34},"end":{"line":28,"column":50}}},"fnMap":{"0":{"name":"getAuthService","decl":{"start":{"line":20,"column":16},"end":{"line":20,"column":30}},"loc":{"start":{"line":20,"column":53},"end":{"line":25,"column":1}},"line":20}},"branchMap":{"0":{"loc":{"start":{"line":21,"column":2},"end":{"line":23,"column":3}},"type":"if","locations":[{"start":{"line":21,"column":2},"end":{"line":23,"column":3}},{"start":{},"end":{}}],"line":21}},"s":{"0":3,"1":2,"2":1,"3":1},"f":{"0":3},"b":{"0":[2,1]},"_coverageSchema":"1a1c01bbd47fc00a2c39e90264f33305004495a9","hash":"61794bdc295da414e1fc8f46450c18b16f496ab3"}
,"C:\\Users\\EMurage\\Desktop\\2025Payslips\\SafariMapsApps\\ranger\\services\\dataService.ts": {"path":"C:\\Users\\EMurage\\Desktop\\2025Payslips\\SafariMapsApps\\ranger\\services\\dataService.ts","statementMap":{"0":{"start":{"line":30,"column":22},"end":{"line":30,"column":26}},"1":{"start":{"line":33,"column":18},"end":{"line":33,"column":21}},"2":{"start":{"line":36,"column":14},"end":{"line":36,"column":77}},"3":{"start":{"line":36,"column":30},"end":{"line":36,"column":77}},"4":{"start":{"line":36,"column":53},"end":{"line":36,"column":76}},"5":{"start":{"line":39,"column":27},"end":{"line":43,"column":2}},"6":{"start":{"line":39,"column":60},"end":{"line":43,"column":1}},"7":{"start":{"line":45,"column":36},"end":{"line":51,"column":2}},"8":{"start":{"line":45,"column":77},"end":{"line":51,"column":1}},"9":{"start":{"line":59,"column":4},"end":{"line":59,"column":107}},"10":{"start":{"line":63,"column":4},"end":{"line":65,"column":5}},"11":{"start":{"line":64,"column":6},"end":{"line":64,"column":47}},"12":{"start":{"line":66,"column":4},"end":{"line":66,"column":32}},"13":{"start":{"line":71,"column":4},"end":{"line":74,"column":5}},"14":{"start":{"line":72,"column":6},"end":{"line":72,"column":29}},"15":{"start":{"line":73,"column":6},"end":{"line":73,"column":44}},"16":{"start":{"line":78,"column":4},"end":{"line":78,"column":52}},"17":{"start":{"line":82,"column":4},"end":{"line":85,"column":5}},"18":{"start":{"line":83,"column":6},"end":{"line":83,"column":29}},"19":{"start":{"line":84,"column":6},"end":{"line":84,"column":42}},"20":{"start":{"line":89,"column":4},"end":{"line":89,"column":52}},"21":{"start":{"line":93,"column":4},"end":{"line":96,"column":5}},"22":{"start":{"line":94,"column":6},"end":{"line":94,"column":29}},"23":{"start":{"line":95,"column":6},"end":{"line":95,"column":52}},"24":{"start":{"line":100,"column":4},"end":{"line":100,"column":52}},"25":{"start":{"line":104,"column":4},"end":{"line":107,"column":5}},"26":{"start":{"line":105,"column":6},"end":{"line":105,"column":29}},"27":{"start":{"line":106,"column":6},"end":{"line":106,"column":53}},"28":{"start":{"line":111,"column":4},"end":{"line":111,"column":52}},"29":{"start":{"line":115,"column":4},"end":{"line":118,"column":5}},"30":{"start":{"line":116,"column":6},"end":{"line":116,"column":29}},"31":{"start":{"line":117,"column":6},"end":{"line":117,"column":53}},"32":{"start":{"line":122,"column":4},"end":{"line":122,"column":52}},"33":{"start":{"line":126,"column":4},"end":{"line":129,"column":5}},"34":{"start":{"line":127,"column":6},"end":{"line":127,"column":29}},"35":{"start":{"line":128,"column":6},"end":{"line":128,"column":53}},"36":{"start":{"line":133,"column":4},"end":{"line":133,"column":52}},"37":{"start":{"line":138,"column":4},"end":{"line":141,"column":5}},"38":{"start":{"line":139,"column":6},"end":{"line":139,"column":29}},"39":{"start":{"line":140,"column":6},"end":{"line":140,"column":45}},"40":{"start":{"line":145,"column":4},"end":{"line":145,"column":52}},"41":{"start":{"line":149,"column":4},"end":{"line":156,"column":5}},"42":{"start":{"line":150,"column":6},"end":{"line":150,"column":29}},"43":{"start":{"line":151,"column":21},"end":{"line":151,"column":55}},"44":{"start":{"line":151,"column":43},"end":{"line":151,"column":54}},"45":{"start":{"line":152,"column":6},"end":{"line":154,"column":7}},"46":{"start":{"line":153,"column":8},"end":{"line":153,"column":80}},"47":{"start":{"line":155,"column":6},"end":{"line":155,"column":40}},"48":{"start":{"line":160,"column":4},"end":{"line":160,"column":52}},"49":{"start":{"line":165,"column":4},"end":{"line":168,"column":5}},"50":{"start":{"line":166,"column":6},"end":{"line":166,"column":29}},"51":{"start":{"line":167,"column":6},"end":{"line":167,"column":49}},"52":{"start":{"line":172,"column":4},"end":{"line":172,"column":52}},"53":{"start":{"line":176,"column":4},"end":{"line":179,"column":5}},"54":{"start":{"line":177,"column":6},"end":{"line":177,"column":29}},"55":{"start":{"line":178,"column":6},"end":{"line":178,"column":50}},"56":{"start":{"line":183,"column":4},"end":{"line":183,"column":52}},"57":{"start":{"line":188,"column":4},"end":{"line":211,"column":5}},"58":{"start":{"line":189,"column":6},"end":{"line":189,"column":29}},"59":{"start":{"line":191,"column":36},"end":{"line":208,"column":7}},"60":{"start":{"line":210,"column":6},"end":{"line":210,"column":45}},"61":{"start":{"line":215,"column":4},"end":{"line":215,"column":52}},"62":{"start":{"line":220,"column":44},"end":{"line":226,"column":5}},"63":{"start":{"line":227,"column":4},"end":{"line":227,"column":48}},"64":{"start":{"line":231,"column":45},"end":{"line":237,"column":5}},"65":{"start":{"line":238,"column":4},"end":{"line":238,"column":40}},"66":{"start":{"line":247,"column":4},"end":{"line":284,"column":5}},"67":{"start":{"line":248,"column":18},"end":{"line":248,"column":46}},"68":{"start":{"line":249,"column":35},"end":{"line":256,"column":7}},"69":{"start":{"line":258,"column":6},"end":{"line":260,"column":7}},"70":{"start":{"line":259,"column":8},"end":{"line":259,"column":44}},"71":{"start":{"line":262,"column":23},"end":{"line":262,"column":48}},"72":{"start":{"line":263,"column":21},"end":{"line":263,"column":42}},"73":{"start":{"line":265,"column":6},"end":{"line":271,"column":7}},"74":{"start":{"line":266,"column":8},"end":{"line":270,"column":10}},"75":{"start":{"line":273,"column":6},"end":{"line":277,"column":8}},"76":{"start":{"line":279,"column":6},"end":{"line":283,"column":8}},"77":{"start":{"line":289,"column":27},"end":{"line":289,"column":52}}},"fnMap":{"0":{"name":"(anonymous_0)","decl":{"start":{"line":36,"column":14},"end":{"line":36,"column":15}},"loc":{"start":{"line":36,"column":30},"end":{"line":36,"column":77}},"line":36},"1":{"name":"(anonymous_1)","decl":{"start":{"line":36,"column":42},"end":{"line":36,"column":43}},"loc":{"start":{"line":36,"column":53},"end":{"line":36,"column":76}},"line":36},"2":{"name":"(anonymous_2)","decl":{"start":{"line":39,"column":27},"end":{"line":39,"column":28}},"loc":{"start":{"line":39,"column":60},"end":{"line":43,"column":1}},"line":39},"3":{"name":"(anonymous_3)","decl":{"start":{"line":45,"column":36},"end":{"line":45,"column":37}},"loc":{"start":{"line":45,"column":77},"end":{"line":51,"column":1}},"line":45},"4":{"name":"(anonymous_4)","decl":{"start":{"line":58,"column":2},"end":{"line":58,"column":3}},"loc":{"start":{"line":58,"column":24},"end":{"line":60,"column":3}},"line":58},"5":{"name":"(anonymous_5)","decl":{"start":{"line":62,"column":2},"end":{"line":62,"column":3}},"loc":{"start":{"line":62,"column":43},"end":{"line":67,"column":3}},"line":62},"6":{"name":"(anonymous_6)","decl":{"start":{"line":70,"column":2},"end":{"line":70,"column":3}},"loc":{"start":{"line":70,"column":54},"end":{"line":79,"column":3}},"line":70},"7":{"name":"(anonymous_7)","decl":{"start":{"line":81,"column":2},"end":{"line":81,"column":3}},"loc":{"start":{"line":81,"column":50},"end":{"line":90,"column":3}},"line":81},"8":{"name":"(anonymous_8)","decl":{"start":{"line":92,"column":2},"end":{"line":92,"column":3}},"loc":{"start":{"line":92,"column":66},"end":{"line":101,"column":3}},"line":92},"9":{"name":"(anonymous_9)","decl":{"start":{"line":103,"column":2},"end":{"line":103,"column":3}},"loc":{"start":{"line":103,"column":69},"end":{"line":112,"column":3}},"line":103},"10":{"name":"(anonymous_10)","decl":{"start":{"line":114,"column":2},"end":{"line":114,"column":3}},"loc":{"start":{"line":114,"column":63},"end":{"line":123,"column":3}},"line":114},"11":{"name":"(anonymous_11)","decl":{"start":{"line":125,"column":2},"end":{"line":125,"column":3}},"loc":{"start":{"line":125,"column":63},"end":{"line":134,"column":3}},"line":125},"12":{"name":"(anonymous_12)","decl":{"start":{"line":137,"column":2},"end":{"line":137,"column":3}},"loc":{"start":{"line":137,"column":53},"end":{"line":146,"column":3}},"line":137},"13":{"name":"(anonymous_13)","decl":{"start":{"line":148,"column":2},"end":{"line":148,"column":3}},"loc":{"start":{"line":148,"column":64},"end":{"line":161,"column":3}},"line":148},"14":{"name":"(anonymous_14)","decl":{"start":{"line":151,"column":38},"end":{"line":151,"column":39}},"loc":{"start":{"line":151,"column":43},"end":{"line":151,"column":54}},"line":151},"15":{"name":"(anonymous_15)","decl":{"start":{"line":164,"column":2},"end":{"line":164,"column":3}},"loc":{"start":{"line":164,"column":60},"end":{"line":173,"column":3}},"line":164},"16":{"name":"(anonymous_16)","decl":{"start":{"line":175,"column":2},"end":{"line":175,"column":3}},"loc":{"start":{"line":175,"column":63},"end":{"line":184,"column":3}},"line":175},"17":{"name":"(anonymous_17)","decl":{"start":{"line":187,"column":2},"end":{"line":187,"column":3}},"loc":{"start":{"line":187,"column":75},"end":{"line":216,"column":3}},"line":187},"18":{"name":"(anonymous_18)","decl":{"start":{"line":219,"column":2},"end":{"line":219,"column":3}},"loc":{"start":{"line":219,"column":55},"end":{"line":228,"column":3}},"line":219},"19":{"name":"(anonymous_19)","decl":{"start":{"line":230,"column":2},"end":{"line":230,"column":3}},"loc":{"start":{"line":230,"column":56},"end":{"line":239,"column":3}},"line":230},"20":{"name":"(anonymous_20)","decl":{"start":{"line":242,"column":2},"end":{"line":242,"column":3}},"loc":{"start":{"line":246,"column":29},"end":{"line":285,"column":3}},"line":246}},"branchMap":{"0":{"loc":{"start":{"line":59,"column":19},"end":{"line":59,"column":106}},"type":"cond-expr","locations":[{"start":{"line":59,"column":35},"end":{"line":59,"column":41}},{"start":{"line":59,"column":44},"end":{"line":59,"column":106}}],"line":59},"1":{"loc":{"start":{"line":59,"column":44},"end":{"line":59,"column":106}},"type":"binary-expr","locations":[{"start":{"line":59,"column":44},"end":{"line":59,"column":75}},{"start":{"line":59,"column":79},"end":{"line":59,"column":106}}],"line":59},"2":{"loc":{"start":{"line":63,"column":4},"end":{"line":65,"column":5}},"type":"if","locations":[{"start":{"line":63,"column":4},"end":{"line":65,"column":5}},{"start":{},"end":{}}],"line":63},"3":{"loc":{"start":{"line":71,"column":4},"end":{"line":74,"column":5}},"type":"if","locations":[{"start":{"line":71,"column":4},"end":{"line":74,"column":5}},{"start":{},"end":{}}],"line":71},"4":{"loc":{"start":{"line":82,"column":4},"end":{"line":85,"column":5}},"type":"if","locations":[{"start":{"line":82,"column":4},"end":{"line":85,"column":5}},{"start":{},"end":{}}],"line":82},"5":{"loc":{"start":{"line":93,"column":4},"end":{"line":96,"column":5}},"type":"if","locations":[{"start":{"line":93,"column":4},"end":{"line":96,"column":5}},{"start":{},"end":{}}],"line":93},"6":{"loc":{"start":{"line":104,"column":4},"end":{"line":107,"column":5}},"type":"if","locations":[{"start":{"line":104,"column":4},"end":{"line":107,"column":5}},{"start":{},"end":{}}],"line":104},"7":{"loc":{"start":{"line":115,"column":4},"end":{"line":118,"column":5}},"type":"if","locations":[{"start":{"line":115,"column":4},"end":{"line":118,"column":5}},{"start":{},"end":{}}],"line":115},"8":{"loc":{"start":{"line":126,"column":4},"end":{"line":129,"column":5}},"type":"if","locations":[{"start":{"line":126,"column":4},"end":{"line":129,"column":5}},{"start":{},"end":{}}],"line":126},"9":{"loc":{"start":{"line":138,"column":4},"end":{"line":141,"column":5}},"type":"if","locations":[{"start":{"line":138,"column":4},"end":{"line":141,"column":5}},{"start":{},"end":{}}],"line":138},"10":{"loc":{"start":{"line":149,"column":4},"end":{"line":156,"column":5}},"type":"if","locations":[{"start":{"line":149,"column":4},"end":{"line":156,"column":5}},{"start":{},"end":{}}],"line":149},"11":{"loc":{"start":{"line":152,"column":6},"end":{"line":154,"column":7}},"type":"if","locations":[{"start":{"line":152,"column":6},"end":{"line":154,"column":7}},{"start":{},"end":{}}],"line":152},"12":{"loc":{"start":{"line":165,"column":4},"end":{"line":168,"column":5}},"type":"if","locations":[{"start":{"line":165,"column":4},"end":{"line":168,"column":5}},{"start":{},"end":{}}],"line":165},"13":{"loc":{"start":{"line":176,"column":4},"end":{"line":179,"column":5}},"type":"if","locations":[{"start":{"line":176,"column":4},"end":{"line":179,"column":5}},{"start":{},"end":{}}],"line":176},"14":{"loc":{"start":{"line":188,"column":4},"end":{"line":211,"column":5}},"type":"if","locations":[{"start":{"line":188,"column":4},"end":{"line":211,"column":5}},{"start":{},"end":{}}],"line":188},"15":{"loc":{"start":{"line":193,"column":15},"end":{"line":193,"column":84}},"type":"binary-expr","locations":[{"start":{"line":193,"column":15},"end":{"line":193,"column":38}},{"start":{"line":193,"column":42},"end":{"line":193,"column":60}},{"start":{"line":193,"column":64},"end":{"line":193,"column":84}}],"line":193},"16":{"loc":{"start":{"line":194,"column":18},"end":{"line":197,"column":78}},"type":"cond-expr","locations":[{"start":{"line":194,"column":56},"end":{"line":194,"column":68}},{"start":{"line":195,"column":17},"end":{"line":197,"column":78}}],"line":194},"17":{"loc":{"start":{"line":195,"column":17},"end":{"line":197,"column":78}},"type":"cond-expr","locations":[{"start":{"line":195,"column":50},"end":{"line":195,"column":57}},{"start":{"line":196,"column":17},"end":{"line":197,"column":78}}],"line":195},"18":{"loc":{"start":{"line":196,"column":17},"end":{"line":197,"column":78}},"type":"cond-expr","locations":[{"start":{"line":196,"column":50},"end":{"line":196,"column":58}},{"start":{"line":197,"column":17},"end":{"line":197,"column":78}}],"line":196},"19":{"loc":{"start":{"line":197,"column":17},"end":{"line":197,"column":78}},"type":"cond-expr","locations":[{"start":{"line":197,"column":54},"end":{"line":197,"column":65}},{"start":{"line":197,"column":68},"end":{"line":197,"column":78}}],"line":197},"20":{"loc":{"start":{"line":204,"column":12},"end":{"line":204,"column":82}},"type":"binary-expr","locations":[{"start":{"line":204,"column":12},"end":{"line":204,"column":35}},{"start":{"line":204,"column":39},"end":{"line":204,"column":82}}],"line":204},"21":{"loc":{"start":{"line":205,"column":12},"end":{"line":205,"column":61}},"type":"binary-expr","locations":[{"start":{"line":205,"column":12},"end":{"line":205,"column":28}},{"start":{"line":205,"column":32},"end":{"line":205,"column":61}}],"line":205},"22":{"loc":{"start":{"line":206,"column":12},"end":{"line":206,"column":55}},"type":"binary-expr","locations":[{"start":{"line":206,"column":12},"end":{"line":206,"column":26}},{"start":{"line":206,"column":30},"end":{"line":206,"column":55}}],"line":206},"23":{"loc":{"start":{"line":207,"column":12},"end":{"line":207,"column":69}},"type":"binary-expr","locations":[{"start":{"line":207,"column":12},"end":{"line":207,"column":38}},{"start":{"line":207,"column":42},"end":{"line":207,"column":69}}],"line":207},"24":{"loc":{"start":{"line":227,"column":11},"end":{"line":227,"column":47}},"type":"binary-expr","locations":[{"start":{"line":227,"column":11},"end":{"line":227,"column":28}},{"start":{"line":227,"column":32},"end":{"line":227,"column":47}}],"line":227},"25":{"loc":{"start":{"line":238,"column":11},"end":{"line":238,"column":39}},"type":"binary-expr","locations":[{"start":{"line":238,"column":11},"end":{"line":238,"column":29}},{"start":{"line":238,"column":33},"end":{"line":238,"column":39}}],"line":238},"26":{"loc":{"start":{"line":244,"column":4},"end":{"line":244,"column":53}},"type":"default-arg","locations":[{"start":{"line":244,"column":48},"end":{"line":244,"column":53}}],"line":244},"27":{"loc":{"start":{"line":258,"column":6},"end":{"line":260,"column":7}},"type":"if","locations":[{"start":{"line":258,"column":6},"end":{"line":260,"column":7}},{"start":{},"end":{}}],"line":258},"28":{"loc":{"start":{"line":258,"column":10},"end":{"line":258,"column":34}},"type":"binary-expr","locations":[{"start":{"line":258,"column":10},"end":{"line":258,"column":14}},{"start":{"line":258,"column":18},"end":{"line":258,"column":34}}],"line":258},"29":{"loc":{"start":{"line":265,"column":6},"end":{"line":271,"column":7}},"type":"if","locations":[{"start":{"line":265,"column":6},"end":{"line":271,"column":7}},{"start":{},"end":{}}],"line":265},"30":{"loc":{"start":{"line":269,"column":17},"end":{"line":269,"column":52}},"type":"binary-expr","locations":[{"start":{"line":269,"column":17},"end":{"line":269,"column":31}},{"start":{"line":269,"column":35},"end":{"line":269,"column":52}}],"line":269},"31":{"loc":{"start":{"line":275,"column":14},"end":{"line":275,"column":35}},"type":"binary-expr","locations":[{"start":{"line":275,"column":14},"end":{"line":275,"column":25}},{"start":{"line":275,"column":29},"end":{"line":275,"column":35}}],"line":275},"32":{"loc":{"start":{"line":282,"column":15},"end":{"line":282,"column":71}},"type":"cond-expr","locations":[{"start":{"line":282,"column":40},"end":{"line":282,"column":53}},{"start":{"line":282,"column":56},"end":{"line":282,"column":71}}],"line":282}},"s":{"0":0,"1":0,"2":0,"3":0,"4":0,"5":0,"6":0,"7":0,"8":0,"9":0,"10":0,"11":0,"12":0,"13":0,"14":0,"15":0,"16":0,"17":0,"18":0,"19":0,"20":0,"21":0,"22":0,"23":0,"24":0,"25":0,"26":0,"27":0,"28":0,"29":0,"30":0,"31":0,"32":0,"33":0,"34":0,"35":0,"36":0,"37":0,"38":0,"39":0,"40":0,"41":0,"42":0,"43":0,"44":0,"45":0,"46":0,"47":0,"48":0,"49":0,"50":0,"51":0,"52":0,"53":0,"54":0,"55":0,"56":0,"57":0,"58":0,"59":0,"60":0,"61":0,"62":0,"63":0,"64":0,"65":0,"66":0,"67":0,"68":0,"69":0,"70":0,"71":0,"72":0,"73":0,"74":0,"75":0,"76":0,"77":0},"f":{"0":0,"1":0,"2":0,"3":0,"4":0,"5":0,"6":0,"7":0,"8":0,"9":0,"10":0,"11":0,"12":0,"13":0,"14":0,"15":0,"16":0,"17":0,"18":0,"19":0,"20":0},"b":{"0":[0,0],"1":[0,0],"2":[0,0],"3":[0,0],"4":[0,0],"5":[0,0],"6":[0,0],"7":[0,0],"8":[0,0],"9":[0,0],"10":[0,0],"11":[0,0],"12":[0,0],"13":[0,0],"14":[0,0],"15":[0,0,0],"16":[0,0],"17":[0,0],"18":[0,0],"19":[0,0],"20":[0,0],"21":[0,0],"22":[0,0],"23":[0,0],"24":[0,0],"25":[0,0],"26":[0],"27":[0,0],"28":[0,0],"29":[0,0],"30":[0,0],"31":[0,0],"32":[0,0]}}
,"C:\\Users\\EMurage\\Desktop\\2025Payslips\\SafariMapsApps\\ranger\\services\\supabaseAuthService.ts": {"path":"C:\\Users\\EMurage\\Desktop\\2025Payslips\\SafariMapsApps\\ranger\\services\\supabaseAuthService.ts","statementMap":{"0":{"start":{"line":7,"column":4},"end":{"line":7,"column":29}},"1":{"start":{"line":12,"column":4},"end":{"line":14,"column":5}},"2":{"start":{"line":13,"column":6},"end":{"line":13,"column":69}},"3":{"start":{"line":16,"column":4},"end":{"line":44,"column":5}},"4":{"start":{"line":17,"column":30},"end":{"line":20,"column":8}},"5":{"start":{"line":22,"column":6},"end":{"line":24,"column":7}},"6":{"start":{"line":23,"column":8},"end":{"line":23,"column":56}},"7":{"start":{"line":26,"column":6},"end":{"line":39,"column":7}},"8":{"start":{"line":28,"column":24},"end":{"line":28,"column":63}},"9":{"start":{"line":29,"column":8},"end":{"line":38,"column":9}},"10":{"start":{"line":30,"column":10},"end":{"line":35,"column":12}},"11":{"start":{"line":37,"column":10},"end":{"line":37,"column":75}},"12":{"start":{"line":41,"column":6},"end":{"line":41,"column":55}},"13":{"start":{"line":43,"column":6},"end":{"line":43,"column":56}},"14":{"start":{"line":49,"column":4},"end":{"line":51,"column":5}},"15":{"start":{"line":50,"column":6},"end":{"line":50,"column":69}},"16":{"start":{"line":53,"column":4},"end":{"line":96,"column":5}},"17":{"start":{"line":55,"column":51},"end":{"line":68,"column":8}},"18":{"start":{"line":65,"column":57},"end":{"line":65,"column":61}},"19":{"start":{"line":70,"column":6},"end":{"line":72,"column":7}},"20":{"start":{"line":71,"column":8},"end":{"line":71,"column":60}},"21":{"start":{"line":74,"column":6},"end":{"line":91,"column":7}},"22":{"start":{"line":77,"column":8},"end":{"line":77,"column":64}},"23":{"start":{"line":77,"column":37},"end":{"line":77,"column":62}},"24":{"start":{"line":80,"column":24},"end":{"line":80,"column":67}},"25":{"start":{"line":81,"column":8},"end":{"line":90,"column":9}},"26":{"start":{"line":82,"column":10},"end":{"line":87,"column":12}},"27":{"start":{"line":89,"column":10},"end":{"line":89,"column":76}},"28":{"start":{"line":93,"column":6},"end":{"line":93,"column":56}},"29":{"start":{"line":95,"column":6},"end":{"line":95,"column":56}},"30":{"start":{"line":101,"column":4},"end":{"line":103,"column":5}},"31":{"start":{"line":102,"column":6},"end":{"line":102,"column":69}},"32":{"start":{"line":105,"column":4},"end":{"line":113,"column":5}},"33":{"start":{"line":106,"column":24},"end":{"line":106,"column":54}},"34":{"start":{"line":107,"column":6},"end":{"line":109,"column":7}},"35":{"start":{"line":108,"column":8},"end":{"line":108,"column":56}},"36":{"start":{"line":110,"column":6},"end":{"line":110,"column":67}},"37":{"start":{"line":112,"column":6},"end":{"line":112,"column":56}},"38":{"start":{"line":118,"column":4},"end":{"line":120,"column":5}},"39":{"start":{"line":119,"column":6},"end":{"line":119,"column":18}},"40":{"start":{"line":122,"column":4},"end":{"line":130,"column":5}},"41":{"start":{"line":123,"column":33},"end":{"line":123,"column":63}},"42":{"start":{"line":124,"column":6},"end":{"line":126,"column":7}},"43":{"start":{"line":125,"column":8},"end":{"line":125,"column":50}},"44":{"start":{"line":127,"column":6},"end":{"line":127,"column":18}},"45":{"start":{"line":129,"column":6},"end":{"line":129,"column":18}},"46":{"start":{"line":135,"column":4},"end":{"line":137,"column":5}},"47":{"start":{"line":136,"column":6},"end":{"line":136,"column":18}},"48":{"start":{"line":139,"column":4},"end":{"line":162,"column":5}},"49":{"start":{"line":140,"column":30},"end":{"line":144,"column":17}},"50":{"start":{"line":146,"column":6},"end":{"line":146,"column":38}},"51":{"start":{"line":146,"column":26},"end":{"line":146,"column":38}},"52":{"start":{"line":148,"column":6},"end":{"line":159,"column":8}},"53":{"start":{"line":161,"column":6},"end":{"line":161,"column":18}},"54":{"start":{"line":167,"column":4},"end":{"line":169,"column":5}},"55":{"start":{"line":168,"column":6},"end":{"line":168,"column":19}},"56":{"start":{"line":171,"column":34},"end":{"line":171,"column":67}},"57":{"start":{"line":172,"column":4},"end":{"line":172,"column":21}},"58":{"start":{"line":177,"column":4},"end":{"line":179,"column":5}},"59":{"start":{"line":178,"column":6},"end":{"line":178,"column":18}},"60":{"start":{"line":181,"column":34},"end":{"line":181,"column":67}},"61":{"start":{"line":182,"column":4},"end":{"line":182,"column":19}},"62":{"start":{"line":187,"column":23},"end":{"line":187,"column":51}},"63":{"start":{"line":188,"column":4},"end":{"line":188,"column":34}},"64":{"start":{"line":193,"column":4},"end":{"line":195,"column":5}},"65":{"start":{"line":194,"column":6},"end":{"line":194,"column":88}},"66":{"start":{"line":196,"column":4},"end":{"line":198,"column":5}},"67":{"start":{"line":197,"column":6},"end":{"line":197,"column":85}},"68":{"start":{"line":199,"column":4},"end":{"line":199,"column":29}},"69":{"start":{"line":204,"column":26},"end":{"line":204,"column":44}},"70":{"start":{"line":205,"column":4},"end":{"line":205,"column":40}},"71":{"start":{"line":210,"column":4},"end":{"line":212,"column":5}},"72":{"start":{"line":211,"column":6},"end":{"line":211,"column":46}},"73":{"start":{"line":214,"column":4},"end":{"line":214,"column":54}},"74":{"start":{"line":219,"column":4},"end":{"line":221,"column":5}},"75":{"start":{"line":220,"column":6},"end":{"line":220,"column":65}},"76":{"start":{"line":223,"column":28},"end":{"line":223,"column":65}},"77":{"start":{"line":224,"column":4},"end":{"line":224,"column":27}},"78":{"start":{"line":229,"column":4},"end":{"line":231,"column":5}},"79":{"start":{"line":230,"column":6},"end":{"line":230,"column":69}},"80":{"start":{"line":233,"column":4},"end":{"line":245,"column":5}},"81":{"start":{"line":234,"column":24},"end":{"line":236,"column":8}},"82":{"start":{"line":238,"column":6},"end":{"line":240,"column":7}},"83":{"start":{"line":239,"column":8},"end":{"line":239,"column":56}},"84":{"start":{"line":242,"column":6},"end":{"line":242,"column":31}},"85":{"start":{"line":244,"column":6},"end":{"line":244,"column":69}},"86":{"start":{"line":250,"column":4},"end":{"line":252,"column":5}},"87":{"start":{"line":251,"column":6},"end":{"line":251,"column":69}},"88":{"start":{"line":254,"column":4},"end":{"line":266,"column":5}},"89":{"start":{"line":255,"column":24},"end":{"line":257,"column":8}},"90":{"start":{"line":259,"column":6},"end":{"line":261,"column":7}},"91":{"start":{"line":260,"column":8},"end":{"line":260,"column":56}},"92":{"start":{"line":263,"column":6},"end":{"line":263,"column":31}},"93":{"start":{"line":265,"column":6},"end":{"line":265,"column":68}},"94":{"start":{"line":271,"column":35},"end":{"line":271,"column":60}}},"fnMap":{"0":{"name":"(anonymous_0)","decl":{"start":{"line":6,"column":2},"end":{"line":6,"column":3}},"loc":{"start":{"line":6,"column":41},"end":{"line":8,"column":3}},"line":6},"1":{"name":"(anonymous_1)","decl":{"start":{"line":11,"column":2},"end":{"line":11,"column":3}},"loc":{"start":{"line":11,"column":68},"end":{"line":45,"column":3}},"line":11},"2":{"name":"(anonymous_2)","decl":{"start":{"line":48,"column":2},"end":{"line":48,"column":3}},"loc":{"start":{"line":48,"column":70},"end":{"line":97,"column":3}},"line":48},"3":{"name":"(anonymous_3)","decl":{"start":{"line":65,"column":52},"end":{"line":65,"column":53}},"loc":{"start":{"line":65,"column":57},"end":{"line":65,"column":61}},"line":65},"4":{"name":"(anonymous_4)","decl":{"start":{"line":77,"column":26},"end":{"line":77,"column":27}},"loc":{"start":{"line":77,"column":37},"end":{"line":77,"column":62}},"line":77},"5":{"name":"(anonymous_5)","decl":{"start":{"line":100,"column":2},"end":{"line":100,"column":3}},"loc":{"start":{"line":100,"column":40},"end":{"line":114,"column":3}},"line":100},"6":{"name":"(anonymous_6)","decl":{"start":{"line":117,"column":2},"end":{"line":117,"column":3}},"loc":{"start":{"line":117,"column":47},"end":{"line":131,"column":3}},"line":117},"7":{"name":"(anonymous_7)","decl":{"start":{"line":134,"column":2},"end":{"line":134,"column":3}},"loc":{"start":{"line":134,"column":61},"end":{"line":163,"column":3}},"line":134},"8":{"name":"(anonymous_8)","decl":{"start":{"line":166,"column":2},"end":{"line":166,"column":3}},"loc":{"start":{"line":166,"column":44},"end":{"line":173,"column":3}},"line":166},"9":{"name":"(anonymous_9)","decl":{"start":{"line":176,"column":2},"end":{"line":176,"column":3}},"loc":{"start":{"line":176,"column":28},"end":{"line":183,"column":3}},"line":176},"10":{"name":"(anonymous_10)","decl":{"start":{"line":186,"column":2},"end":{"line":186,"column":3}},"loc":{"start":{"line":186,"column":40},"end":{"line":189,"column":3}},"line":186},"11":{"name":"(anonymous_11)","decl":{"start":{"line":192,"column":2},"end":{"line":192,"column":3}},"loc":{"start":{"line":192,"column":77},"end":{"line":200,"column":3}},"line":192},"12":{"name":"(anonymous_12)","decl":{"start":{"line":203,"column":2},"end":{"line":203,"column":3}},"loc":{"start":{"line":203,"column":46},"end":{"line":206,"column":3}},"line":203},"13":{"name":"(anonymous_13)","decl":{"start":{"line":209,"column":2},"end":{"line":209,"column":3}},"loc":{"start":{"line":209,"column":69},"end":{"line":215,"column":3}},"line":209},"14":{"name":"(anonymous_14)","decl":{"start":{"line":218,"column":2},"end":{"line":218,"column":3}},"loc":{"start":{"line":218,"column":25},"end":{"line":225,"column":3}},"line":218},"15":{"name":"(anonymous_15)","decl":{"start":{"line":228,"column":2},"end":{"line":228,"column":3}},"loc":{"start":{"line":228,"column":84},"end":{"line":246,"column":3}},"line":228},"16":{"name":"(anonymous_16)","decl":{"start":{"line":249,"column":2},"end":{"line":249,"column":3}},"loc":{"start":{"line":249,"column":91},"end":{"line":267,"column":3}},"line":249}},"branchMap":{"0":{"loc":{"start":{"line":12,"column":4},"end":{"line":14,"column":5}},"type":"if","locations":[{"start":{"line":12,"column":4},"end":{"line":14,"column":5}},{"start":{},"end":{}}],"line":12},"1":{"loc":{"start":{"line":22,"column":6},"end":{"line":24,"column":7}},"type":"if","locations":[{"start":{"line":22,"column":6},"end":{"line":24,"column":7}},{"start":{},"end":{}}],"line":22},"2":{"loc":{"start":{"line":26,"column":6},"end":{"line":39,"column":7}},"type":"if","locations":[{"start":{"line":26,"column":6},"end":{"line":39,"column":7}},{"start":{},"end":{}}],"line":26},"3":{"loc":{"start":{"line":29,"column":8},"end":{"line":38,"column":9}},"type":"if","locations":[{"start":{"line":29,"column":8},"end":{"line":38,"column":9}},{"start":{"line":36,"column":15},"end":{"line":38,"column":9}}],"line":29},"4":{"loc":{"start":{"line":49,"column":4},"end":{"line":51,"column":5}},"type":"if","locations":[{"start":{"line":49,"column":4},"end":{"line":51,"column":5}},{"start":{},"end":{}}],"line":49},"5":{"loc":{"start":{"line":70,"column":6},"end":{"line":72,"column":7}},"type":"if","locations":[{"start":{"line":70,"column":6},"end":{"line":72,"column":7}},{"start":{},"end":{}}],"line":70},"6":{"loc":{"start":{"line":74,"column":6},"end":{"line":91,"column":7}},"type":"if","locations":[{"start":{"line":74,"column":6},"end":{"line":91,"column":7}},{"start":{},"end":{}}],"line":74},"7":{"loc":{"start":{"line":81,"column":8},"end":{"line":90,"column":9}},"type":"if","locations":[{"start":{"line":81,"column":8},"end":{"line":90,"column":9}},{"start":{"line":88,"column":15},"end":{"line":90,"column":9}}],"line":81},"8":{"loc":{"start":{"line":101,"column":4},"end":{"line":103,"column":5}},"type":"if","locations":[{"start":{"line":101,"column":4},"end":{"line":103,"column":5}},{"start":{},"end":{}}],"line":101},"9":{"loc":{"start":{"line":107,"column":6},"end":{"line":109,"column":7}},"type":"if","locations":[{"start":{"line":107,"column":6},"end":{"line":109,"column":7}},{"start":{},"end":{}}],"line":107},"10":{"loc":{"start":{"line":118,"column":4},"end":{"line":120,"column":5}},"type":"if","locations":[{"start":{"line":118,"column":4},"end":{"line":120,"column":5}},{"start":{},"end":{}}],"line":118},"11":{"loc":{"start":{"line":124,"column":6},"end":{"line":126,"column":7}},"type":"if","locations":[{"start":{"line":124,"column":6},"end":{"line":126,"column":7}},{"start":{},"end":{}}],"line":124},"12":{"loc":{"start":{"line":135,"column":4},"end":{"line":137,"column":5}},"type":"if","locations":[{"start":{"line":135,"column":4},"end":{"line":137,"column":5}},{"start":{},"end":{}}],"line":135},"13":{"loc":{"start":{"line":146,"column":6},"end":{"line":146,"column":38}},"type":"if","locations":[{"start":{"line":146,"column":6},"end":{"line":146,"column":38}},{"start":{},"end":{}}],"line":146},"14":{"loc":{"start":{"line":146,"column":10},"end":{"line":146,"column":24}},"type":"binary-expr","locations":[{"start":{"line":146,"column":10},"end":{"line":146,"column":15}},{"start":{"line":146,"column":19},"end":{"line":146,"column":24}}],"line":146},"15":{"loc":{"start":{"line":167,"column":4},"end":{"line":169,"column":5}},"type":"if","locations":[{"start":{"line":167,"column":4},"end":{"line":169,"column":5}},{"start":{},"end":{}}],"line":167},"16":{"loc":{"start":{"line":177,"column":4},"end":{"line":179,"column":5}},"type":"if","locations":[{"start":{"line":177,"column":4},"end":{"line":179,"column":5}},{"start":{},"end":{}}],"line":177},"17":{"loc":{"start":{"line":193,"column":4},"end":{"line":195,"column":5}},"type":"if","locations":[{"start":{"line":193,"column":4},"end":{"line":195,"column":5}},{"start":{},"end":{}}],"line":193},"18":{"loc":{"start":{"line":196,"column":4},"end":{"line":198,"column":5}},"type":"if","locations":[{"start":{"line":196,"column":4},"end":{"line":198,"column":5}},{"start":{},"end":{}}],"line":196},"19":{"loc":{"start":{"line":210,"column":4},"end":{"line":212,"column":5}},"type":"if","locations":[{"start":{"line":210,"column":4},"end":{"line":212,"column":5}},{"start":{},"end":{}}],"line":210},"20":{"loc":{"start":{"line":219,"column":4},"end":{"line":221,"column":5}},"type":"if","locations":[{"start":{"line":219,"column":4},"end":{"line":221,"column":5}},{"start":{},"end":{}}],"line":219},"21":{"loc":{"start":{"line":229,"column":4},"end":{"line":231,"column":5}},"type":"if","locations":[{"start":{"line":229,"column":4},"end":{"line":231,"column":5}},{"start":{},"end":{}}],"line":229},"22":{"loc":{"start":{"line":238,"column":6},"end":{"line":240,"column":7}},"type":"if","locations":[{"start":{"line":238,"column":6},"end":{"line":240,"column":7}},{"start":{},"end":{}}],"line":238},"23":{"loc":{"start":{"line":250,"column":4},"end":{"line":252,"column":5}},"type":"if","locations":[{"start":{"line":250,"column":4},"end":{"line":252,"column":5}},{"start":{},"end":{}}],"line":250},"24":{"loc":{"start":{"line":259,"column":6},"end":{"line":261,"column":7}},"type":"if","locations":[{"start":{"line":259,"column":6},"end":{"line":261,"column":7}},{"start":{},"end":{}}],"line":259}},"s":{"0":15,"1":3,"2":1,"3":2,"4":2,"5":2,"6":1,"7":1,"8":1,"9":1,"10":1,"11":0,"12":0,"13":0,"14":2,"15":0,"16":2,"17":2,"18":4,"19":2,"20":1,"21":1,"22":1,"23":1,"24":1,"25":1,"26":1,"27":0,"28":0,"29":0,"30":2,"31":0,"32":2,"33":2,"34":2,"35":1,"36":1,"37":0,"38":2,"39":0,"40":2,"41":2,"42":2,"43":1,"44":1,"45":0,"46":2,"47":0,"48":2,"49":2,"50":2,"51":1,"52":1,"53":0,"54":2,"55":0,"56":2,"57":2,"58":0,"59":0,"60":0,"61":0,"62":2,"63":2,"64":2,"65":1,"66":1,"67":0,"68":1,"69":2,"70":2,"71":0,"72":0,"73":0,"74":0,"75":0,"76":0,"77":0,"78":0,"79":0,"80":0,"81":0,"82":0,"83":0,"84":0,"85":0,"86":0,"87":0,"88":0,"89":0,"90":0,"91":0,"92":0,"93":0,"94":1},"f":{"0":15,"1":3,"2":2,"3":4,"4":1,"5":2,"6":2,"7":2,"8":2,"9":0,"10":2,"11":2,"12":2,"13":0,"14":0,"15":0,"16":0},"b":{"0":[1,2],"1":[1,1],"2":[1,0],"3":[1,0],"4":[0,2],"5":[1,1],"6":[1,0],"7":[1,0],"8":[0,2],"9":[1,1],"10":[0,2],"11":[1,1],"12":[0,2],"13":[1,1],"14":[2,2],"15":[0,2],"16":[0,0],"17":[1,1],"18":[0,1],"19":[0,0],"20":[0,0],"21":[0,0],"22":[0,0],"23":[0,0],"24":[0,0]},"_coverageSchema":"1a1c01bbd47fc00a2c39e90264f33305004495a9","hash":"e8c561c524f5a2b1d8b22a7102a387a0a807f4a7"}
}
