TN:
SF:services\authService.ts
FN:42,(anonymous_0)
FN:42,(anonymous_1)
FN:45,(anonymous_2)
FN:55,(anonymous_3)
FN:57,(anonymous_4)
FN:67,(anonymous_5)
FN:99,(anonymous_6)
FN:104,(anonymous_7)
FN:150,(anonymous_8)
FN:155,(anonymous_9)
FN:164,(anonymous_10)
FN:197,(anonymous_11)
FN:226,(anonymous_12)
FN:244,(anonymous_13)
FN:249,(anonymous_14)
FN:254,(anonymous_15)
FN:259,(anonymous_16)
FN:265,(anonymous_17)
FN:276,(anonymous_18)
FN:282,(anonymous_19)
FNF:20
FNH:19
FNDA:16,(anonymous_0)
FNDA:16,(anonymous_1)
FNDA:7,(anonymous_2)
FNDA:1,(anonymous_3)
FNDA:28,(anonymous_4)
FNDA:25,(anonymous_5)
FNDA:9,(anonymous_6)
FNDA:11,(anonymous_7)
FNDA:5,(anonymous_8)
FNDA:12,(anonymous_9)
FNDA:9,(anonymous_10)
FNDA:2,(anonymous_11)
FNDA:2,(anonymous_12)
FNDA:2,(anonymous_13)
FNDA:2,(anonymous_14)
FNDA:4,(anonymous_15)
FNDA:11,(anonymous_16)
FNDA:8,(anonymous_17)
FNDA:13,(anonymous_18)
FNDA:0,(anonymous_19)
DA:4,1
DA:32,1
DA:38,1
DA:39,1
DA:42,16
DA:45,1
DA:46,7
DA:52,1
DA:53,1
DA:58,28
DA:59,1
DA:61,28
DA:68,25
DA:69,25
DA:70,25
DA:92,25
DA:100,9
DA:101,9
DA:104,11
DA:106,9
DA:107,2
DA:114,7
DA:115,7
DA:116,1
DA:123,6
DA:124,0
DA:131,6
DA:134,6
DA:135,6
DA:137,6
DA:146,0
DA:151,5
DA:152,5
DA:155,12
DA:156,5
DA:157,1
DA:164,9
DA:165,4
DA:166,1
DA:173,3
DA:174,1
DA:181,2
DA:182,1
DA:189,1
DA:197,2
DA:203,1
DA:204,1
DA:207,1
DA:210,1
DA:211,1
DA:213,1
DA:222,0
DA:227,2
DA:228,2
DA:230,2
DA:231,2
DA:233,2
DA:240,0
DA:245,2
DA:250,2
DA:255,4
DA:260,11
DA:261,11
DA:266,8
DA:267,3
DA:269,5
DA:270,1
DA:272,4
DA:277,13
DA:278,13
DA:287,0
DA:288,0
DA:289,0
DA:297,0
DA:298,0
DA:301,0
DA:302,0
DA:304,0
DA:305,0
DA:308,0
DA:310,0
DA:316,1
LF:82
LH:67
BRDA:58,0,0,1
BRDA:58,0,1,27
BRDA:100,1,0,9
BRDA:100,1,1,0
BRDA:106,2,0,2
BRDA:106,2,1,7
BRDA:115,3,0,1
BRDA:115,3,1,6
BRDA:115,4,0,7
BRDA:115,4,1,7
BRDA:123,5,0,0
BRDA:123,5,1,6
BRDA:151,6,0,5
BRDA:151,6,1,0
BRDA:156,7,0,1
BRDA:156,7,1,4
BRDA:165,8,0,1
BRDA:165,8,1,3
BRDA:173,9,0,1
BRDA:173,9,1,2
BRDA:181,10,0,1
BRDA:181,10,1,1
BRDA:227,11,0,2
BRDA:227,11,1,0
BRDA:255,12,0,4
BRDA:255,12,1,2
BRDA:266,13,0,3
BRDA:266,13,1,5
BRDA:269,14,0,1
BRDA:269,14,1,4
BRDA:284,15,0,0
BRDA:288,16,0,0
BRDA:288,16,1,0
BRDA:293,17,0,0
BRDA:293,17,1,0
BRDA:297,18,0,0
BRDA:297,18,1,0
BRDA:297,19,0,0
BRDA:297,19,1,0
BRDA:304,20,0,0
BRDA:304,20,1,0
BRDA:305,21,0,0
BRDA:305,21,1,0
BRDA:310,22,0,0
BRDA:310,22,1,0
BRF:45
BRH:26
end_of_record
TN:
SF:services\authServiceFactory.ts
FN:20,getAuthService
FNF:1
FNH:1
FNDA:3,getAuthService
DA:21,3
DA:22,2
DA:24,1
DA:28,1
LF:4
LH:4
BRDA:21,0,0,2
BRDA:21,0,1,1
BRF:2
BRH:2
end_of_record
TN:
SF:services\dataService.ts
FN:36,(anonymous_0)
FN:36,(anonymous_1)
FN:39,(anonymous_2)
FN:45,(anonymous_3)
FN:58,(anonymous_4)
FN:62,(anonymous_5)
FN:70,(anonymous_6)
FN:81,(anonymous_7)
FN:92,(anonymous_8)
FN:103,(anonymous_9)
FN:114,(anonymous_10)
FN:125,(anonymous_11)
FN:137,(anonymous_12)
FN:148,(anonymous_13)
FN:151,(anonymous_14)
FN:164,(anonymous_15)
FN:175,(anonymous_16)
FN:187,(anonymous_17)
FN:219,(anonymous_18)
FN:230,(anonymous_19)
FN:242,(anonymous_20)
FNF:21
FNH:0
FNDA:0,(anonymous_0)
FNDA:0,(anonymous_1)
FNDA:0,(anonymous_2)
FNDA:0,(anonymous_3)
FNDA:0,(anonymous_4)
FNDA:0,(anonymous_5)
FNDA:0,(anonymous_6)
FNDA:0,(anonymous_7)
FNDA:0,(anonymous_8)
FNDA:0,(anonymous_9)
FNDA:0,(anonymous_10)
FNDA:0,(anonymous_11)
FNDA:0,(anonymous_12)
FNDA:0,(anonymous_13)
FNDA:0,(anonymous_14)
FNDA:0,(anonymous_15)
FNDA:0,(anonymous_16)
FNDA:0,(anonymous_17)
FNDA:0,(anonymous_18)
FNDA:0,(anonymous_19)
FNDA:0,(anonymous_20)
DA:30,0
DA:33,0
DA:36,0
DA:39,0
DA:45,0
DA:59,0
DA:63,0
DA:64,0
DA:66,0
DA:71,0
DA:72,0
DA:73,0
DA:78,0
DA:82,0
DA:83,0
DA:84,0
DA:89,0
DA:93,0
DA:94,0
DA:95,0
DA:100,0
DA:104,0
DA:105,0
DA:106,0
DA:111,0
DA:115,0
DA:116,0
DA:117,0
DA:122,0
DA:126,0
DA:127,0
DA:128,0
DA:133,0
DA:138,0
DA:139,0
DA:140,0
DA:145,0
DA:149,0
DA:150,0
DA:151,0
DA:152,0
DA:153,0
DA:155,0
DA:160,0
DA:165,0
DA:166,0
DA:167,0
DA:172,0
DA:176,0
DA:177,0
DA:178,0
DA:183,0
DA:188,0
DA:189,0
DA:191,0
DA:210,0
DA:215,0
DA:220,0
DA:227,0
DA:231,0
DA:238,0
DA:247,0
DA:248,0
DA:249,0
DA:258,0
DA:259,0
DA:262,0
DA:263,0
DA:265,0
DA:266,0
DA:273,0
DA:279,0
DA:289,0
LF:73
LH:0
BRDA:59,0,0,0
BRDA:59,0,1,0
BRDA:59,1,0,0
BRDA:59,1,1,0
BRDA:63,2,0,0
BRDA:63,2,1,0
BRDA:71,3,0,0
BRDA:71,3,1,0
BRDA:82,4,0,0
BRDA:82,4,1,0
BRDA:93,5,0,0
BRDA:93,5,1,0
BRDA:104,6,0,0
BRDA:104,6,1,0
BRDA:115,7,0,0
BRDA:115,7,1,0
BRDA:126,8,0,0
BRDA:126,8,1,0
BRDA:138,9,0,0
BRDA:138,9,1,0
BRDA:149,10,0,0
BRDA:149,10,1,0
BRDA:152,11,0,0
BRDA:152,11,1,0
BRDA:165,12,0,0
BRDA:165,12,1,0
BRDA:176,13,0,0
BRDA:176,13,1,0
BRDA:188,14,0,0
BRDA:188,14,1,0
BRDA:193,15,0,0
BRDA:193,15,1,0
BRDA:193,15,2,0
BRDA:194,16,0,0
BRDA:194,16,1,0
BRDA:195,17,0,0
BRDA:195,17,1,0
BRDA:196,18,0,0
BRDA:196,18,1,0
BRDA:197,19,0,0
BRDA:197,19,1,0
BRDA:204,20,0,0
BRDA:204,20,1,0
BRDA:205,21,0,0
BRDA:205,21,1,0
BRDA:206,22,0,0
BRDA:206,22,1,0
BRDA:207,23,0,0
BRDA:207,23,1,0
BRDA:227,24,0,0
BRDA:227,24,1,0
BRDA:238,25,0,0
BRDA:238,25,1,0
BRDA:244,26,0,0
BRDA:258,27,0,0
BRDA:258,27,1,0
BRDA:258,28,0,0
BRDA:258,28,1,0
BRDA:265,29,0,0
BRDA:265,29,1,0
BRDA:269,30,0,0
BRDA:269,30,1,0
BRDA:275,31,0,0
BRDA:275,31,1,0
BRDA:282,32,0,0
BRDA:282,32,1,0
BRF:66
BRH:0
end_of_record
TN:
SF:services\supabaseAuthService.ts
FN:6,(anonymous_0)
FN:11,(anonymous_1)
FN:48,(anonymous_2)
FN:65,(anonymous_3)
FN:77,(anonymous_4)
FN:100,(anonymous_5)
FN:117,(anonymous_6)
FN:134,(anonymous_7)
FN:166,(anonymous_8)
FN:176,(anonymous_9)
FN:186,(anonymous_10)
FN:192,(anonymous_11)
FN:203,(anonymous_12)
FN:209,(anonymous_13)
FN:218,(anonymous_14)
FN:228,(anonymous_15)
FN:249,(anonymous_16)
FNF:17
FNH:12
FNDA:15,(anonymous_0)
FNDA:3,(anonymous_1)
FNDA:2,(anonymous_2)
FNDA:4,(anonymous_3)
FNDA:1,(anonymous_4)
FNDA:2,(anonymous_5)
FNDA:2,(anonymous_6)
FNDA:2,(anonymous_7)
FNDA:2,(anonymous_8)
FNDA:0,(anonymous_9)
FNDA:2,(anonymous_10)
FNDA:2,(anonymous_11)
FNDA:2,(anonymous_12)
FNDA:0,(anonymous_13)
FNDA:0,(anonymous_14)
FNDA:0,(anonymous_15)
FNDA:0,(anonymous_16)
DA:7,15
DA:12,3
DA:13,1
DA:16,2
DA:17,2
DA:22,2
DA:23,1
DA:26,1
DA:28,1
DA:29,1
DA:30,1
DA:37,0
DA:41,0
DA:43,0
DA:49,2
DA:50,0
DA:53,2
DA:55,2
DA:65,4
DA:70,2
DA:71,1
DA:74,1
DA:77,1
DA:80,1
DA:81,1
DA:82,1
DA:89,0
DA:93,0
DA:95,0
DA:101,2
DA:102,0
DA:105,2
DA:106,2
DA:107,2
DA:108,1
DA:110,1
DA:112,0
DA:118,2
DA:119,0
DA:122,2
DA:123,2
DA:124,2
DA:125,1
DA:127,1
DA:129,0
DA:135,2
DA:136,0
DA:139,2
DA:140,2
DA:146,2
DA:148,1
DA:161,0
DA:167,2
DA:168,0
DA:171,2
DA:172,2
DA:177,0
DA:178,0
DA:181,0
DA:182,0
DA:187,2
DA:188,2
DA:193,2
DA:194,1
DA:196,1
DA:197,0
DA:199,1
DA:204,2
DA:205,2
DA:210,0
DA:211,0
DA:214,0
DA:219,0
DA:220,0
DA:223,0
DA:224,0
DA:229,0
DA:230,0
DA:233,0
DA:234,0
DA:238,0
DA:239,0
DA:242,0
DA:244,0
DA:250,0
DA:251,0
DA:254,0
DA:255,0
DA:259,0
DA:260,0
DA:263,0
DA:265,0
DA:271,1
LF:93
LH:51
BRDA:12,0,0,1
BRDA:12,0,1,2
BRDA:22,1,0,1
BRDA:22,1,1,1
BRDA:26,2,0,1
BRDA:26,2,1,0
BRDA:29,3,0,1
BRDA:29,3,1,0
BRDA:49,4,0,0
BRDA:49,4,1,2
BRDA:70,5,0,1
BRDA:70,5,1,1
BRDA:74,6,0,1
BRDA:74,6,1,0
BRDA:81,7,0,1
BRDA:81,7,1,0
BRDA:101,8,0,0
BRDA:101,8,1,2
BRDA:107,9,0,1
BRDA:107,9,1,1
BRDA:118,10,0,0
BRDA:118,10,1,2
BRDA:124,11,0,1
BRDA:124,11,1,1
BRDA:135,12,0,0
BRDA:135,12,1,2
BRDA:146,13,0,1
BRDA:146,13,1,1
BRDA:146,14,0,2
BRDA:146,14,1,2
BRDA:167,15,0,0
BRDA:167,15,1,2
BRDA:177,16,0,0
BRDA:177,16,1,0
BRDA:193,17,0,1
BRDA:193,17,1,1
BRDA:196,18,0,0
BRDA:196,18,1,1
BRDA:210,19,0,0
BRDA:210,19,1,0
BRDA:219,20,0,0
BRDA:219,20,1,0
BRDA:229,21,0,0
BRDA:229,21,1,0
BRDA:238,22,0,0
BRDA:238,22,1,0
BRDA:250,23,0,0
BRDA:250,23,1,0
BRDA:259,24,0,0
BRDA:259,24,1,0
BRF:50
BRH:26
end_of_record
